<?xml version="1.0" encoding="UTF-8"?>
<testsuite name="MoodAnalyzerTest" tests="1" skipped="0" failures="0" errors="0" timestamp="2022-01-11T12:42:02" hostname="DESKTOP-DN56027" time="0.032">
  <properties/>
  <testcase name="givenMessage_SadMood_Should_Return_Sad()" classname="MoodAnalyzerTest" time="0.032"/>
  <system-out><![CDATA[]]></system-out>
  <system-err><![CDATA[]]></system-err>
</testsuite>
